13:55:39.266 logback [main] INFO  com.cn.demo.DemoApplication - Starting DemoApplication on MSI with PID 7352 (D:\Home\target\classes started by dlp15 in D:\Home)
13:55:39.269 logback [main] DEBUG com.cn.demo.DemoApplication - Running with Spring Boot v2.0.5.RELEASE, Spring v5.0.9.RELEASE
13:55:39.270 logback [main] INFO  com.cn.demo.DemoApplication - The following profiles are active: dev
13:55:39.361 logback [main] INFO  o.s.b.w.s.c.AnnotationConfigServletWebServerApplicationContext - Refreshing org.springframework.boot.web.servlet.context.AnnotationConfigServletWebServerApplicationContext@758705fa: startup date [Tue Dec 11 13:55:39 GMT+08:00 2018]; root of context hierarchy
13:55:40.347 logback [main] WARN  o.m.s.mapper.ClassPathMapperScanner - Skipping MapperFactoryBean with name 'tblPartnerMapper' and 'com.cn.demo.dao.TblPartnerMapper' mapperInterface. Bean already defined with the same name!
13:55:40.348 logback [main] WARN  o.m.s.mapper.ClassPathMapperScanner - Skipping MapperFactoryBean with name 'userMapper' and 'com.cn.demo.dao.UserMapper' mapperInterface. Bean already defined with the same name!
13:55:40.348 logback [main] WARN  o.m.s.mapper.ClassPathMapperScanner - No MyBatis mapper was found in '[com.cn.demo]' package. Please check your configuration.
13:55:40.430 logback [main] INFO  o.s.d.r.c.RepositoryConfigurationDelegate - Multiple Spring Data modules found, entering strict repository configuration mode!
13:55:40.959 logback [main] INFO  o.s.c.s.PostProcessorRegistrationDelegate$BeanPostProcessorChecker - Bean 'org.springframework.ws.config.annotation.DelegatingWsConfiguration' of type [org.springframework.ws.config.annotation.DelegatingWsConfiguration$$EnhancerBySpringCGLIB$$d785523a] is not eligible for getting processed by all BeanPostProcessors (for example: not eligible for auto-proxying)
13:55:40.993 logback [main] INFO  o.s.w.s.a.s.AnnotationActionEndpointMapping - Supporting [WS-Addressing August 2004, WS-Addressing 1.0]
13:55:41.033 logback [main] INFO  o.s.c.s.PostProcessorRegistrationDelegate$BeanPostProcessorChecker - Bean 'org.springframework.transaction.annotation.ProxyTransactionManagementConfiguration' of type [org.springframework.transaction.annotation.ProxyTransactionManagementConfiguration$$EnhancerBySpringCGLIB$$32ed8d3b] is not eligible for getting processed by all BeanPostProcessors (for example: not eligible for auto-proxying)
13:55:41.480 logback [main] INFO  o.s.b.w.e.tomcat.TomcatWebServer - Tomcat initialized with port(s): 8083 (http)
13:55:41.494 logback [main] INFO  o.a.coyote.http11.Http11NioProtocol - Initializing ProtocolHandler ["http-nio-8083"]
13:55:41.505 logback [main] INFO  o.a.catalina.core.StandardService - Starting service [Tomcat]
13:55:41.505 logback [main] INFO  o.a.catalina.core.StandardEngine - Starting Servlet Engine: Apache Tomcat/8.5.34
13:55:41.509 logback [localhost-startStop-1] INFO  o.a.c.core.AprLifecycleListener - The APR based Apache Tomcat Native library which allows optimal performance in production environments was not found on the java.library.path: [C:\Program Files\Java\jdk1.8.0_191\bin;C:\WINDOWS\Sun\Java\bin;C:\WINDOWS\system32;C:\WINDOWS;C:\Program Files (x86)\Common Files\Oracle\Java\javapath;C:\Program Files (x86)\Intel\Intel(R) Management Engine Components\iCLS\;C:\Program Files\Intel\Intel(R) Management Engine Components\iCLS\;C:\Windows\system32;C:\Windows;C:\Windows\System32\Wbem;C:\Windows\System32\WindowsPowerShell\v1.0\;C:\Program Files (x86)\Intel\Intel(R) Management Engine Components\DAL;C:\Program Files\Intel\Intel(R) Management Engine Components\DAL;C:\Program Files (x86)\Intel\Intel(R) Management Engine Components\IPT;C:\Program Files\Intel\Intel(R) Management Engine Components\IPT;C:\Program Files (x86)\NVIDIA Corporation\PhysX\Common;C:\WINDOWS\system32;C:\WINDOWS;C:\WINDOWS\System32\Wbem;C:\WINDOWS\System32\WindowsPowerShell\v1.0\;C:\WINDOWS\System32\OpenSSH\;C:\Program Files\Java\jdk1.8.0_191\bin;C:\Program Files\Java\jre1.8.0_191\bin;C:\Program Files\TortoiseGit\bin;D:\git\Git\cmd;D:\maven\apache-maven-3.5.2\bin;D:\Program Files\TortoiseSVN\bin;C:\Users\dlp15\AppData\Local\Microsoft\WindowsApps;D:\Program Files\JetBrains\IntelliJ IDEA 2018.3\bin;C:\Users\dlp15\AppData\Local\GitHubDesktop\bin;D:\Vs\Microsoft VS Code Insiders\bin;.]
13:55:41.649 logback [localhost-startStop-1] INFO  o.a.c.c.C.[Tomcat].[localhost].[/] - Initializing Spring embedded WebApplicationContext
13:55:41.649 logback [localhost-startStop-1] INFO  o.s.web.context.ContextLoader - Root WebApplicationContext: initialization completed in 2288 ms
13:55:41.760 logback [localhost-startStop-1] INFO  o.s.b.w.s.ServletRegistrationBean - Servlet dispatcherServlet mapped to [/dev/*]
13:55:41.761 logback [localhost-startStop-1] INFO  o.s.b.w.s.ServletRegistrationBean - Servlet messageDispatcherServlet mapped to [/services/*]
13:55:41.764 logback [localhost-startStop-1] INFO  o.s.b.w.s.FilterRegistrationBean - Mapping filter: 'characterEncodingFilter' to: [/*]
13:55:41.765 logback [localhost-startStop-1] INFO  o.s.b.w.s.FilterRegistrationBean - Mapping filter: 'hiddenHttpMethodFilter' to: [/*]
13:55:41.765 logback [localhost-startStop-1] INFO  o.s.b.w.s.FilterRegistrationBean - Mapping filter: 'httpPutFormContentFilter' to: [/*]
13:55:41.765 logback [localhost-startStop-1] INFO  o.s.b.w.s.FilterRegistrationBean - Mapping filter: 'requestContextFilter' to: [/*]
13:55:42.327 logback [main] INFO  o.s.w.s.h.SimpleUrlHandlerMapping - Mapped URL path [/**/favicon.ico] onto handler of type [class org.springframework.web.servlet.resource.ResourceHttpRequestHandler]
13:55:42.619 logback [main] INFO  o.s.w.s.m.m.a.RequestMappingHandlerAdapter - Looking for @ControllerAdvice: org.springframework.boot.web.servlet.context.AnnotationConfigServletWebServerApplicationContext@758705fa: startup date [Tue Dec 11 13:55:39 GMT+08:00 2018]; root of context hierarchy
13:55:42.692 logback [main] INFO  o.s.w.s.m.m.a.RequestMappingHandlerMapping - Mapped "{[/query]}" onto public java.util.List<com.cn.demo.model.User> com.cn.demo.controller.UserController.query()
13:55:42.693 logback [main] INFO  o.s.w.s.m.m.a.RequestMappingHandlerMapping - Mapped "{[/queryAll]}" onto public java.util.List<com.cn.demo.model.User> com.cn.demo.controller.UserController.queryAll()
13:55:42.694 logback [main] INFO  o.s.w.s.m.m.a.RequestMappingHandlerMapping - Mapped "{[/queryByName]}" onto public com.cn.demo.model.User com.cn.demo.controller.UserController.queryByName()
13:55:42.694 logback [main] INFO  o.s.w.s.m.m.a.RequestMappingHandlerMapping - Mapped "{[/queryUser]}" onto public java.util.List<com.cn.demo.model.User> com.cn.demo.controller.UserController.queryUser()
13:55:42.695 logback [main] INFO  o.s.w.s.m.m.a.RequestMappingHandlerMapping - Mapped "{[/view/sendEmail]}" onto public java.lang.String com.cn.demo.controller.ViewController.test()
13:55:42.695 logback [main] INFO  o.s.w.s.m.m.a.RequestMappingHandlerMapping - Mapped "{[/view/test]}" onto public java.lang.String com.cn.demo.controller.ViewController.views()
13:55:42.698 logback [main] INFO  o.s.w.s.m.m.a.RequestMappingHandlerMapping - Mapped "{[/error]}" onto public org.springframework.http.ResponseEntity<java.util.Map<java.lang.String, java.lang.Object>> org.springframework.boot.autoconfigure.web.servlet.error.BasicErrorController.error(javax.servlet.http.HttpServletRequest)
13:55:42.699 logback [main] INFO  o.s.w.s.m.m.a.RequestMappingHandlerMapping - Mapped "{[/error],produces=[text/html]}" onto public org.springframework.web.servlet.ModelAndView org.springframework.boot.autoconfigure.web.servlet.error.BasicErrorController.errorHtml(javax.servlet.http.HttpServletRequest,javax.servlet.http.HttpServletResponse)
13:55:42.727 logback [main] INFO  o.s.w.s.h.SimpleUrlHandlerMapping - Mapped URL path [/webjars/**] onto handler of type [class org.springframework.web.servlet.resource.ResourceHttpRequestHandler]
13:55:42.728 logback [main] INFO  o.s.w.s.h.SimpleUrlHandlerMapping - Mapped URL path [/**] onto handler of type [class org.springframework.web.servlet.resource.ResourceHttpRequestHandler]
13:55:42.859 logback [main] INFO  o.s.b.a.w.s.WelcomePageHandlerMapping - Adding welcome page template: index
13:55:42.896 logback [main] INFO  t.m.m.a.MapperCacheDisabler - Clear tk.mybatis.mapper.util.MsUtil CLASS_CACHE cache.
13:55:42.897 logback [main] INFO  t.m.m.a.MapperCacheDisabler - Clear tk.mybatis.mapper.genid.GenIdUtil CACHE cache.
13:55:42.897 logback [main] INFO  t.m.m.a.MapperCacheDisabler - Clear tk.mybatis.mapper.version.VersionUtil CACHE cache.
13:55:42.898 logback [main] INFO  t.m.m.a.MapperCacheDisabler - Clear EntityHelper entityTableMap cache.
13:55:43.647 logback [main] INFO  o.s.j.e.a.AnnotationMBeanExporter - Registering beans for JMX exposure on startup
13:55:43.648 logback [main] INFO  o.s.j.e.a.AnnotationMBeanExporter - Bean with name 'dataSource' has been autodetected for JMX exposure
13:55:43.657 logback [main] INFO  o.s.j.e.a.AnnotationMBeanExporter - Located MBean 'dataSource': registering with JMX server as MBean [com.zaxxer.hikari:name=dataSource,type=HikariDataSource]
13:55:43.675 logback [main] INFO  o.a.coyote.http11.Http11NioProtocol - Starting ProtocolHandler ["http-nio-8083"]
13:55:43.684 logback [main] INFO  o.a.tomcat.util.net.NioSelectorPool - Using a shared selector for servlet write/read
13:55:43.701 logback [main] INFO  o.s.b.w.e.tomcat.TomcatWebServer - Tomcat started on port(s): 8083 (http) with context path ''
13:55:43.705 logback [main] INFO  com.cn.demo.DemoApplication - Started DemoApplication in 5.112 seconds (JVM running for 7.264)
13:57:14.439 logback [main] INFO  com.cn.demo.DemoApplication - Starting DemoApplication on MSI with PID 6040 (D:\Home\target\classes started by dlp15 in D:\Home)
13:57:14.443 logback [main] DEBUG com.cn.demo.DemoApplication - Running with Spring Boot v2.0.5.RELEASE, Spring v5.0.9.RELEASE
13:57:14.444 logback [main] INFO  com.cn.demo.DemoApplication - The following profiles are active: dev
13:57:14.486 logback [main] INFO  o.s.b.w.s.c.AnnotationConfigServletWebServerApplicationContext - Refreshing org.springframework.boot.web.servlet.context.AnnotationConfigServletWebServerApplicationContext@5ee2b6f9: startup date [Tue Dec 11 13:57:14 GMT+08:00 2018]; root of context hierarchy
13:57:15.038 logback [main] WARN  o.m.s.mapper.ClassPathMapperScanner - Skipping MapperFactoryBean with name 'tblPartnerMapper' and 'com.cn.demo.dao.TblPartnerMapper' mapperInterface. Bean already defined with the same name!
13:57:15.038 logback [main] WARN  o.m.s.mapper.ClassPathMapperScanner - Skipping MapperFactoryBean with name 'userMapper' and 'com.cn.demo.dao.UserMapper' mapperInterface. Bean already defined with the same name!
13:57:15.038 logback [main] WARN  o.m.s.mapper.ClassPathMapperScanner - No MyBatis mapper was found in '[com.cn.demo]' package. Please check your configuration.
13:57:15.076 logback [main] INFO  o.s.d.r.c.RepositoryConfigurationDelegate - Multiple Spring Data modules found, entering strict repository configuration mode!
13:57:15.429 logback [main] INFO  o.s.c.s.PostProcessorRegistrationDelegate$BeanPostProcessorChecker - Bean 'org.springframework.ws.config.annotation.DelegatingWsConfiguration' of type [org.springframework.ws.config.annotation.DelegatingWsConfiguration$$EnhancerBySpringCGLIB$$66f08011] is not eligible for getting processed by all BeanPostProcessors (for example: not eligible for auto-proxying)
13:57:15.464 logback [main] INFO  o.s.w.s.a.s.AnnotationActionEndpointMapping - Supporting [WS-Addressing August 2004, WS-Addressing 1.0]
13:57:15.481 logback [main] INFO  o.s.c.s.PostProcessorRegistrationDelegate$BeanPostProcessorChecker - Bean 'org.springframework.transaction.annotation.ProxyTransactionManagementConfiguration' of type [org.springframework.transaction.annotation.ProxyTransactionManagementConfiguration$$EnhancerBySpringCGLIB$$c258bb12] is not eligible for getting processed by all BeanPostProcessors (for example: not eligible for auto-proxying)
13:57:15.836 logback [main] INFO  o.s.b.w.e.tomcat.TomcatWebServer - Tomcat initialized with port(s): 8083 (http)
13:57:15.846 logback [main] INFO  o.a.coyote.http11.Http11NioProtocol - Initializing ProtocolHandler ["http-nio-8083"]
13:57:15.856 logback [main] INFO  o.a.catalina.core.StandardService - Starting service [Tomcat]
13:57:15.856 logback [main] INFO  o.a.catalina.core.StandardEngine - Starting Servlet Engine: Apache Tomcat/8.5.34
13:57:15.861 logback [localhost-startStop-1] INFO  o.a.c.core.AprLifecycleListener - The APR based Apache Tomcat Native library which allows optimal performance in production environments was not found on the java.library.path: [C:\Program Files\Java\jdk1.8.0_191\bin;C:\WINDOWS\Sun\Java\bin;C:\WINDOWS\system32;C:\WINDOWS;C:\Program Files (x86)\Common Files\Oracle\Java\javapath;C:\Program Files (x86)\Intel\Intel(R) Management Engine Components\iCLS\;C:\Program Files\Intel\Intel(R) Management Engine Components\iCLS\;C:\Windows\system32;C:\Windows;C:\Windows\System32\Wbem;C:\Windows\System32\WindowsPowerShell\v1.0\;C:\Program Files (x86)\Intel\Intel(R) Management Engine Components\DAL;C:\Program Files\Intel\Intel(R) Management Engine Components\DAL;C:\Program Files (x86)\Intel\Intel(R) Management Engine Components\IPT;C:\Program Files\Intel\Intel(R) Management Engine Components\IPT;C:\Program Files (x86)\NVIDIA Corporation\PhysX\Common;C:\WINDOWS\system32;C:\WINDOWS;C:\WINDOWS\System32\Wbem;C:\WINDOWS\System32\WindowsPowerShell\v1.0\;C:\WINDOWS\System32\OpenSSH\;C:\Program Files\Java\jdk1.8.0_191\bin;C:\Program Files\Java\jre1.8.0_191\bin;C:\Program Files\TortoiseGit\bin;D:\git\Git\cmd;D:\maven\apache-maven-3.5.2\bin;D:\Program Files\TortoiseSVN\bin;C:\Users\dlp15\AppData\Local\Microsoft\WindowsApps;D:\Program Files\JetBrains\IntelliJ IDEA 2018.3\bin;C:\Users\dlp15\AppData\Local\GitHubDesktop\bin;D:\Vs\Microsoft VS Code Insiders\bin;.]
13:57:15.986 logback [localhost-startStop-1] INFO  o.a.c.c.C.[Tomcat].[localhost].[/] - Initializing Spring embedded WebApplicationContext
13:57:15.986 logback [localhost-startStop-1] INFO  o.s.web.context.ContextLoader - Root WebApplicationContext: initialization completed in 1501 ms
13:57:16.076 logback [localhost-startStop-1] INFO  o.s.b.w.s.ServletRegistrationBean - Servlet dispatcherServlet mapped to [/dev/*]
13:57:16.078 logback [localhost-startStop-1] INFO  o.s.b.w.s.ServletRegistrationBean - Servlet messageDispatcherServlet mapped to [/services/*]
13:57:16.082 logback [localhost-startStop-1] INFO  o.s.b.w.s.FilterRegistrationBean - Mapping filter: 'characterEncodingFilter' to: [/*]
13:57:16.083 logback [localhost-startStop-1] INFO  o.s.b.w.s.FilterRegistrationBean - Mapping filter: 'hiddenHttpMethodFilter' to: [/*]
13:57:16.083 logback [localhost-startStop-1] INFO  o.s.b.w.s.FilterRegistrationBean - Mapping filter: 'httpPutFormContentFilter' to: [/*]
13:57:16.083 logback [localhost-startStop-1] INFO  o.s.b.w.s.FilterRegistrationBean - Mapping filter: 'requestContextFilter' to: [/*]
13:57:16.507 logback [main] INFO  o.s.w.s.h.SimpleUrlHandlerMapping - Mapped URL path [/**/favicon.ico] onto handler of type [class org.springframework.web.servlet.resource.ResourceHttpRequestHandler]
13:57:16.746 logback [main] INFO  o.s.w.s.m.m.a.RequestMappingHandlerAdapter - Looking for @ControllerAdvice: org.springframework.boot.web.servlet.context.AnnotationConfigServletWebServerApplicationContext@5ee2b6f9: startup date [Tue Dec 11 13:57:14 GMT+08:00 2018]; root of context hierarchy
13:57:16.807 logback [main] INFO  o.s.w.s.m.m.a.RequestMappingHandlerMapping - Mapped "{[/query]}" onto public java.util.List<com.cn.demo.model.User> com.cn.demo.controller.UserController.query()
13:57:16.807 logback [main] INFO  o.s.w.s.m.m.a.RequestMappingHandlerMapping - Mapped "{[/queryByName]}" onto public com.cn.demo.model.User com.cn.demo.controller.UserController.queryByName()
13:57:16.808 logback [main] INFO  o.s.w.s.m.m.a.RequestMappingHandlerMapping - Mapped "{[/queryAll]}" onto public java.util.List<com.cn.demo.model.User> com.cn.demo.controller.UserController.queryAll()
13:57:16.809 logback [main] INFO  o.s.w.s.m.m.a.RequestMappingHandlerMapping - Mapped "{[/queryUser]}" onto public java.util.List<com.cn.demo.model.User> com.cn.demo.controller.UserController.queryUser()
13:57:16.809 logback [main] INFO  o.s.w.s.m.m.a.RequestMappingHandlerMapping - Mapped "{[/view/sendEmail]}" onto public java.lang.String com.cn.demo.controller.ViewController.test()
13:57:16.810 logback [main] INFO  o.s.w.s.m.m.a.RequestMappingHandlerMapping - Mapped "{[/view/test]}" onto public java.lang.String com.cn.demo.controller.ViewController.views()
13:57:16.813 logback [main] INFO  o.s.w.s.m.m.a.RequestMappingHandlerMapping - Mapped "{[/error]}" onto public org.springframework.http.ResponseEntity<java.util.Map<java.lang.String, java.lang.Object>> org.springframework.boot.autoconfigure.web.servlet.error.BasicErrorController.error(javax.servlet.http.HttpServletRequest)
13:57:16.813 logback [main] INFO  o.s.w.s.m.m.a.RequestMappingHandlerMapping - Mapped "{[/error],produces=[text/html]}" onto public org.springframework.web.servlet.ModelAndView org.springframework.boot.autoconfigure.web.servlet.error.BasicErrorController.errorHtml(javax.servlet.http.HttpServletRequest,javax.servlet.http.HttpServletResponse)
13:57:16.840 logback [main] INFO  o.s.w.s.h.SimpleUrlHandlerMapping - Mapped URL path [/webjars/**] onto handler of type [class org.springframework.web.servlet.resource.ResourceHttpRequestHandler]
13:57:16.840 logback [main] INFO  o.s.w.s.h.SimpleUrlHandlerMapping - Mapped URL path [/**] onto handler of type [class org.springframework.web.servlet.resource.ResourceHttpRequestHandler]
13:57:16.950 logback [main] INFO  o.s.b.a.w.s.WelcomePageHandlerMapping - Adding welcome page template: index
13:57:16.989 logback [main] INFO  t.m.m.a.MapperCacheDisabler - Clear tk.mybatis.mapper.util.MsUtil CLASS_CACHE cache.
13:57:16.990 logback [main] INFO  t.m.m.a.MapperCacheDisabler - Clear tk.mybatis.mapper.genid.GenIdUtil CACHE cache.
13:57:16.990 logback [main] INFO  t.m.m.a.MapperCacheDisabler - Clear tk.mybatis.mapper.version.VersionUtil CACHE cache.
13:57:16.991 logback [main] INFO  t.m.m.a.MapperCacheDisabler - Clear EntityHelper entityTableMap cache.
13:57:17.619 logback [main] INFO  o.s.j.e.a.AnnotationMBeanExporter - Registering beans for JMX exposure on startup
13:57:17.621 logback [main] INFO  o.s.j.e.a.AnnotationMBeanExporter - Bean with name 'dataSource' has been autodetected for JMX exposure
13:57:17.625 logback [main] INFO  o.s.j.e.a.AnnotationMBeanExporter - Located MBean 'dataSource': registering with JMX server as MBean [com.zaxxer.hikari:name=dataSource,type=HikariDataSource]
13:57:17.636 logback [main] INFO  o.a.coyote.http11.Http11NioProtocol - Starting ProtocolHandler ["http-nio-8083"]
13:57:17.644 logback [main] INFO  o.a.tomcat.util.net.NioSelectorPool - Using a shared selector for servlet write/read
13:57:17.660 logback [main] INFO  o.s.b.w.e.tomcat.TomcatWebServer - Tomcat started on port(s): 8083 (http) with context path ''
13:57:17.665 logback [main] INFO  com.cn.demo.DemoApplication - Started DemoApplication in 3.965 seconds (JVM running for 4.854)
14:03:09.943 logback [http-nio-8083-exec-1] INFO  o.a.c.c.C.[Tomcat].[localhost].[/] - Initializing Spring FrameworkServlet 'dispatcherServlet'
14:03:09.944 logback [http-nio-8083-exec-1] INFO  o.s.web.servlet.DispatcherServlet - FrameworkServlet 'dispatcherServlet': initialization started
14:03:09.974 logback [http-nio-8083-exec-1] INFO  o.s.web.servlet.DispatcherServlet - FrameworkServlet 'dispatcherServlet': initialization completed in 30 ms
14:05:33.172 logback [main] INFO  com.cn.demo.DemoApplication - Starting DemoApplication on MSI with PID 5820 (D:\Home\target\classes started by dlp15 in D:\Home)
14:05:33.176 logback [main] DEBUG com.cn.demo.DemoApplication - Running with Spring Boot v2.0.5.RELEASE, Spring v5.0.9.RELEASE
14:05:33.177 logback [main] INFO  com.cn.demo.DemoApplication - The following profiles are active: dev
14:05:33.225 logback [main] INFO  o.s.b.w.s.c.AnnotationConfigServletWebServerApplicationContext - Refreshing org.springframework.boot.web.servlet.context.AnnotationConfigServletWebServerApplicationContext@906d29b: startup date [Tue Dec 11 14:05:33 GMT+08:00 2018]; root of context hierarchy
14:05:33.816 logback [main] WARN  o.m.s.mapper.ClassPathMapperScanner - Skipping MapperFactoryBean with name 'tblPartnerMapper' and 'com.cn.demo.dao.TblPartnerMapper' mapperInterface. Bean already defined with the same name!
14:05:33.816 logback [main] WARN  o.m.s.mapper.ClassPathMapperScanner - Skipping MapperFactoryBean with name 'userMapper' and 'com.cn.demo.dao.UserMapper' mapperInterface. Bean already defined with the same name!
14:05:33.816 logback [main] WARN  o.m.s.mapper.ClassPathMapperScanner - No MyBatis mapper was found in '[com.cn.demo]' package. Please check your configuration.
14:05:33.848 logback [main] INFO  o.s.d.r.c.RepositoryConfigurationDelegate - Multiple Spring Data modules found, entering strict repository configuration mode!
14:05:34.232 logback [main] INFO  o.s.c.s.PostProcessorRegistrationDelegate$BeanPostProcessorChecker - Bean 'org.springframework.ws.config.annotation.DelegatingWsConfiguration' of type [org.springframework.ws.config.annotation.DelegatingWsConfiguration$$EnhancerBySpringCGLIB$$dd2da274] is not eligible for getting processed by all BeanPostProcessors (for example: not eligible for auto-proxying)
14:05:34.274 logback [main] INFO  o.s.w.s.a.s.AnnotationActionEndpointMapping - Supporting [WS-Addressing August 2004, WS-Addressing 1.0]
14:05:34.293 logback [main] INFO  o.s.c.s.PostProcessorRegistrationDelegate$BeanPostProcessorChecker - Bean 'org.springframework.transaction.annotation.ProxyTransactionManagementConfiguration' of type [org.springframework.transaction.annotation.ProxyTransactionManagementConfiguration$$EnhancerBySpringCGLIB$$3895dd75] is not eligible for getting processed by all BeanPostProcessors (for example: not eligible for auto-proxying)
14:05:34.649 logback [main] INFO  o.s.b.w.e.tomcat.TomcatWebServer - Tomcat initialized with port(s): 8083 (http)
14:05:34.663 logback [main] INFO  o.a.coyote.http11.Http11NioProtocol - Initializing ProtocolHandler ["http-nio-8083"]
14:05:34.674 logback [main] INFO  o.a.catalina.core.StandardService - Starting service [Tomcat]
14:05:34.674 logback [main] INFO  o.a.catalina.core.StandardEngine - Starting Servlet Engine: Apache Tomcat/8.5.34
14:05:34.680 logback [localhost-startStop-1] INFO  o.a.c.core.AprLifecycleListener - The APR based Apache Tomcat Native library which allows optimal performance in production environments was not found on the java.library.path: [C:\Program Files\Java\jdk1.8.0_191\bin;C:\WINDOWS\Sun\Java\bin;C:\WINDOWS\system32;C:\WINDOWS;C:\Program Files (x86)\Common Files\Oracle\Java\javapath;C:\Program Files (x86)\Intel\Intel(R) Management Engine Components\iCLS\;C:\Program Files\Intel\Intel(R) Management Engine Components\iCLS\;C:\Windows\system32;C:\Windows;C:\Windows\System32\Wbem;C:\Windows\System32\WindowsPowerShell\v1.0\;C:\Program Files (x86)\Intel\Intel(R) Management Engine Components\DAL;C:\Program Files\Intel\Intel(R) Management Engine Components\DAL;C:\Program Files (x86)\Intel\Intel(R) Management Engine Components\IPT;C:\Program Files\Intel\Intel(R) Management Engine Components\IPT;C:\Program Files (x86)\NVIDIA Corporation\PhysX\Common;C:\WINDOWS\system32;C:\WINDOWS;C:\WINDOWS\System32\Wbem;C:\WINDOWS\System32\WindowsPowerShell\v1.0\;C:\WINDOWS\System32\OpenSSH\;C:\Program Files\Java\jdk1.8.0_191\bin;C:\Program Files\Java\jre1.8.0_191\bin;C:\Program Files\TortoiseGit\bin;D:\git\Git\cmd;D:\maven\apache-maven-3.5.2\bin;D:\Program Files\TortoiseSVN\bin;C:\Users\dlp15\AppData\Local\Microsoft\WindowsApps;D:\Program Files\JetBrains\IntelliJ IDEA 2018.3\bin;C:\Users\dlp15\AppData\Local\GitHubDesktop\bin;D:\Vs\Microsoft VS Code Insiders\bin;.]
14:05:34.813 logback [localhost-startStop-1] INFO  o.a.c.c.C.[Tomcat].[localhost].[/] - Initializing Spring embedded WebApplicationContext
14:05:34.813 logback [localhost-startStop-1] INFO  o.s.web.context.ContextLoader - Root WebApplicationContext: initialization completed in 1588 ms
14:05:34.923 logback [localhost-startStop-1] INFO  o.s.b.w.s.ServletRegistrationBean - Servlet dispatcherServlet mapped to [/dev/*]
14:05:34.924 logback [localhost-startStop-1] INFO  o.s.b.w.s.ServletRegistrationBean - Servlet messageDispatcherServlet mapped to [/services/*]
14:05:34.929 logback [localhost-startStop-1] INFO  o.s.b.w.s.FilterRegistrationBean - Mapping filter: 'characterEncodingFilter' to: [/*]
14:05:34.929 logback [localhost-startStop-1] INFO  o.s.b.w.s.FilterRegistrationBean - Mapping filter: 'hiddenHttpMethodFilter' to: [/*]
14:05:34.930 logback [localhost-startStop-1] INFO  o.s.b.w.s.FilterRegistrationBean - Mapping filter: 'httpPutFormContentFilter' to: [/*]
14:05:34.930 logback [localhost-startStop-1] INFO  o.s.b.w.s.FilterRegistrationBean - Mapping filter: 'requestContextFilter' to: [/*]
14:05:35.376 logback [main] INFO  o.s.w.s.h.SimpleUrlHandlerMapping - Mapped URL path [/**/favicon.ico] onto handler of type [class org.springframework.web.servlet.resource.ResourceHttpRequestHandler]
14:05:35.630 logback [main] INFO  o.s.w.s.m.m.a.RequestMappingHandlerAdapter - Looking for @ControllerAdvice: org.springframework.boot.web.servlet.context.AnnotationConfigServletWebServerApplicationContext@906d29b: startup date [Tue Dec 11 14:05:33 GMT+08:00 2018]; root of context hierarchy
14:05:35.683 logback [main] INFO  o.s.w.s.m.m.a.RequestMappingHandlerMapping - Mapped "{[/query]}" onto public java.util.List<com.cn.demo.model.User> com.cn.demo.controller.UserController.query()
14:05:35.684 logback [main] INFO  o.s.w.s.m.m.a.RequestMappingHandlerMapping - Mapped "{[/queryAll]}" onto public java.util.List<com.cn.demo.model.User> com.cn.demo.controller.UserController.queryAll()
14:05:35.684 logback [main] INFO  o.s.w.s.m.m.a.RequestMappingHandlerMapping - Mapped "{[/queryUser]}" onto public java.util.List<com.cn.demo.model.User> com.cn.demo.controller.UserController.queryUser()
14:05:35.684 logback [main] INFO  o.s.w.s.m.m.a.RequestMappingHandlerMapping - Mapped "{[/queryByName]}" onto public com.cn.demo.model.User com.cn.demo.controller.UserController.queryByName()
14:05:35.685 logback [main] INFO  o.s.w.s.m.m.a.RequestMappingHandlerMapping - Mapped "{[/view/sendEmail]}" onto public java.lang.String com.cn.demo.controller.ViewController.test()
14:05:35.685 logback [main] INFO  o.s.w.s.m.m.a.RequestMappingHandlerMapping - Mapped "{[/view/test]}" onto public java.lang.String com.cn.demo.controller.ViewController.views()
14:05:35.688 logback [main] INFO  o.s.w.s.m.m.a.RequestMappingHandlerMapping - Mapped "{[/error]}" onto public org.springframework.http.ResponseEntity<java.util.Map<java.lang.String, java.lang.Object>> org.springframework.boot.autoconfigure.web.servlet.error.BasicErrorController.error(javax.servlet.http.HttpServletRequest)
14:05:35.689 logback [main] INFO  o.s.w.s.m.m.a.RequestMappingHandlerMapping - Mapped "{[/error],produces=[text/html]}" onto public org.springframework.web.servlet.ModelAndView org.springframework.boot.autoconfigure.web.servlet.error.BasicErrorController.errorHtml(javax.servlet.http.HttpServletRequest,javax.servlet.http.HttpServletResponse)
14:05:35.717 logback [main] INFO  o.s.w.s.h.SimpleUrlHandlerMapping - Mapped URL path [/webjars/**] onto handler of type [class org.springframework.web.servlet.resource.ResourceHttpRequestHandler]
14:05:35.717 logback [main] INFO  o.s.w.s.h.SimpleUrlHandlerMapping - Mapped URL path [/**] onto handler of type [class org.springframework.web.servlet.resource.ResourceHttpRequestHandler]
14:05:35.827 logback [main] INFO  o.s.b.a.w.s.WelcomePageHandlerMapping - Adding welcome page template: index
14:05:35.874 logback [main] INFO  t.m.m.a.MapperCacheDisabler - Clear tk.mybatis.mapper.util.MsUtil CLASS_CACHE cache.
14:05:35.874 logback [main] INFO  t.m.m.a.MapperCacheDisabler - Clear tk.mybatis.mapper.genid.GenIdUtil CACHE cache.
14:05:35.875 logback [main] INFO  t.m.m.a.MapperCacheDisabler - Clear tk.mybatis.mapper.version.VersionUtil CACHE cache.
14:05:35.876 logback [main] INFO  t.m.m.a.MapperCacheDisabler - Clear EntityHelper entityTableMap cache.
14:05:36.495 logback [main] INFO  o.s.j.e.a.AnnotationMBeanExporter - Registering beans for JMX exposure on startup
14:05:36.496 logback [main] INFO  o.s.j.e.a.AnnotationMBeanExporter - Bean with name 'dataSource' has been autodetected for JMX exposure
14:05:36.502 logback [main] INFO  o.s.j.e.a.AnnotationMBeanExporter - Located MBean 'dataSource': registering with JMX server as MBean [com.zaxxer.hikari:name=dataSource,type=HikariDataSource]
14:05:36.517 logback [main] INFO  o.a.coyote.http11.Http11NioProtocol - Starting ProtocolHandler ["http-nio-8083"]
14:05:36.530 logback [main] INFO  o.a.tomcat.util.net.NioSelectorPool - Using a shared selector for servlet write/read
14:05:36.549 logback [main] INFO  o.s.b.w.e.tomcat.TomcatWebServer - Tomcat started on port(s): 8083 (http) with context path ''
14:05:36.553 logback [main] INFO  com.cn.demo.DemoApplication - Started DemoApplication in 4.02 seconds (JVM running for 5.054)
14:06:11.929 logback [main] INFO  com.cn.demo.DemoApplication - Starting DemoApplication on MSI with PID 4428 (D:\Home\target\classes started by dlp15 in D:\Home)
14:06:11.933 logback [main] DEBUG com.cn.demo.DemoApplication - Running with Spring Boot v2.0.5.RELEASE, Spring v5.0.9.RELEASE
14:06:11.935 logback [main] INFO  com.cn.demo.DemoApplication - The following profiles are active: dev
14:06:11.996 logback [main] INFO  o.s.b.w.s.c.AnnotationConfigServletWebServerApplicationContext - Refreshing org.springframework.boot.web.servlet.context.AnnotationConfigServletWebServerApplicationContext@6b8d96d9: startup date [Tue Dec 11 14:06:11 GMT+08:00 2018]; root of context hierarchy
14:06:12.653 logback [main] WARN  o.m.s.mapper.ClassPathMapperScanner - Skipping MapperFactoryBean with name 'tblPartnerMapper' and 'com.cn.demo.dao.TblPartnerMapper' mapperInterface. Bean already defined with the same name!
14:06:12.654 logback [main] WARN  o.m.s.mapper.ClassPathMapperScanner - Skipping MapperFactoryBean with name 'userMapper' and 'com.cn.demo.dao.UserMapper' mapperInterface. Bean already defined with the same name!
14:06:12.654 logback [main] WARN  o.m.s.mapper.ClassPathMapperScanner - No MyBatis mapper was found in '[com.cn.demo]' package. Please check your configuration.
14:06:12.754 logback [main] INFO  o.s.d.r.c.RepositoryConfigurationDelegate - Multiple Spring Data modules found, entering strict repository configuration mode!
14:06:13.256 logback [main] INFO  o.s.c.s.PostProcessorRegistrationDelegate$BeanPostProcessorChecker - Bean 'org.springframework.ws.config.annotation.DelegatingWsConfiguration' of type [org.springframework.ws.config.annotation.DelegatingWsConfiguration$$EnhancerBySpringCGLIB$$f2af4d0e] is not eligible for getting processed by all BeanPostProcessors (for example: not eligible for auto-proxying)
14:06:13.297 logback [main] INFO  o.s.w.s.a.s.AnnotationActionEndpointMapping - Supporting [WS-Addressing August 2004, WS-Addressing 1.0]
14:06:13.328 logback [main] INFO  o.s.c.s.PostProcessorRegistrationDelegate$BeanPostProcessorChecker - Bean 'org.springframework.transaction.annotation.ProxyTransactionManagementConfiguration' of type [org.springframework.transaction.annotation.ProxyTransactionManagementConfiguration$$EnhancerBySpringCGLIB$$4e17880f] is not eligible for getting processed by all BeanPostProcessors (for example: not eligible for auto-proxying)
14:06:13.737 logback [main] INFO  o.s.b.w.e.tomcat.TomcatWebServer - Tomcat initialized with port(s): 8083 (http)
14:06:13.748 logback [main] INFO  o.a.coyote.http11.Http11NioProtocol - Initializing ProtocolHandler ["http-nio-8083"]
14:06:13.757 logback [main] INFO  o.a.catalina.core.StandardService - Starting service [Tomcat]
14:06:13.757 logback [main] INFO  o.a.catalina.core.StandardEngine - Starting Servlet Engine: Apache Tomcat/8.5.34
14:06:13.761 logback [localhost-startStop-1] INFO  o.a.c.core.AprLifecycleListener - The APR based Apache Tomcat Native library which allows optimal performance in production environments was not found on the java.library.path: [C:\Program Files\Java\jdk1.8.0_191\bin;C:\WINDOWS\Sun\Java\bin;C:\WINDOWS\system32;C:\WINDOWS;C:\Program Files (x86)\Common Files\Oracle\Java\javapath;C:\Program Files (x86)\Intel\Intel(R) Management Engine Components\iCLS\;C:\Program Files\Intel\Intel(R) Management Engine Components\iCLS\;C:\Windows\system32;C:\Windows;C:\Windows\System32\Wbem;C:\Windows\System32\WindowsPowerShell\v1.0\;C:\Program Files (x86)\Intel\Intel(R) Management Engine Components\DAL;C:\Program Files\Intel\Intel(R) Management Engine Components\DAL;C:\Program Files (x86)\Intel\Intel(R) Management Engine Components\IPT;C:\Program Files\Intel\Intel(R) Management Engine Components\IPT;C:\Program Files (x86)\NVIDIA Corporation\PhysX\Common;C:\WINDOWS\system32;C:\WINDOWS;C:\WINDOWS\System32\Wbem;C:\WINDOWS\System32\WindowsPowerShell\v1.0\;C:\WINDOWS\System32\OpenSSH\;C:\Program Files\Java\jdk1.8.0_191\bin;C:\Program Files\Java\jre1.8.0_191\bin;C:\Program Files\TortoiseGit\bin;D:\git\Git\cmd;D:\maven\apache-maven-3.5.2\bin;D:\Program Files\TortoiseSVN\bin;C:\Users\dlp15\AppData\Local\Microsoft\WindowsApps;D:\Program Files\JetBrains\IntelliJ IDEA 2018.3\bin;C:\Users\dlp15\AppData\Local\GitHubDesktop\bin;D:\Vs\Microsoft VS Code Insiders\bin;.]
14:06:13.871 logback [localhost-startStop-1] INFO  o.a.c.c.C.[Tomcat].[localhost].[/] - Initializing Spring embedded WebApplicationContext
14:06:13.871 logback [localhost-startStop-1] INFO  o.s.web.context.ContextLoader - Root WebApplicationContext: initialization completed in 1875 ms
14:06:14.060 logback [localhost-startStop-1] INFO  o.s.b.w.s.ServletRegistrationBean - Servlet dispatcherServlet mapped to [/dev/*]
14:06:14.061 logback [localhost-startStop-1] INFO  o.s.b.w.s.ServletRegistrationBean - Servlet messageDispatcherServlet mapped to [/services/*]
14:06:14.064 logback [localhost-startStop-1] INFO  o.s.b.w.s.FilterRegistrationBean - Mapping filter: 'characterEncodingFilter' to: [/*]
14:06:14.065 logback [localhost-startStop-1] INFO  o.s.b.w.s.FilterRegistrationBean - Mapping filter: 'hiddenHttpMethodFilter' to: [/*]
14:06:14.065 logback [localhost-startStop-1] INFO  o.s.b.w.s.FilterRegistrationBean - Mapping filter: 'httpPutFormContentFilter' to: [/*]
14:06:14.065 logback [localhost-startStop-1] INFO  o.s.b.w.s.FilterRegistrationBean - Mapping filter: 'requestContextFilter' to: [/*]
14:06:14.065 logback [localhost-startStop-1] INFO  o.s.b.w.s.FilterRegistrationBean - Mapping filter: 'test' to urls: [/*]
14:06:14.504 logback [main] INFO  o.s.w.s.h.SimpleUrlHandlerMapping - Mapped URL path [/**/favicon.ico] onto handler of type [class org.springframework.web.servlet.resource.ResourceHttpRequestHandler]
14:06:14.780 logback [main] INFO  o.s.w.s.m.m.a.RequestMappingHandlerAdapter - Looking for @ControllerAdvice: org.springframework.boot.web.servlet.context.AnnotationConfigServletWebServerApplicationContext@6b8d96d9: startup date [Tue Dec 11 14:06:11 GMT+08:00 2018]; root of context hierarchy
14:06:14.842 logback [main] INFO  o.s.w.s.m.m.a.RequestMappingHandlerMapping - Mapped "{[/query]}" onto public java.util.List<com.cn.demo.model.User> com.cn.demo.controller.UserController.query()
14:06:14.843 logback [main] INFO  o.s.w.s.m.m.a.RequestMappingHandlerMapping - Mapped "{[/queryAll]}" onto public java.util.List<com.cn.demo.model.User> com.cn.demo.controller.UserController.queryAll()
14:06:14.843 logback [main] INFO  o.s.w.s.m.m.a.RequestMappingHandlerMapping - Mapped "{[/queryByName]}" onto public com.cn.demo.model.User com.cn.demo.controller.UserController.queryByName()
14:06:14.843 logback [main] INFO  o.s.w.s.m.m.a.RequestMappingHandlerMapping - Mapped "{[/queryUser]}" onto public java.util.List<com.cn.demo.model.User> com.cn.demo.controller.UserController.queryUser()
14:06:14.844 logback [main] INFO  o.s.w.s.m.m.a.RequestMappingHandlerMapping - Mapped "{[/view/sendEmail]}" onto public java.lang.String com.cn.demo.controller.ViewController.test()
14:06:14.844 logback [main] INFO  o.s.w.s.m.m.a.RequestMappingHandlerMapping - Mapped "{[/view/test]}" onto public java.lang.String com.cn.demo.controller.ViewController.views()
14:06:14.848 logback [main] INFO  o.s.w.s.m.m.a.RequestMappingHandlerMapping - Mapped "{[/error]}" onto public org.springframework.http.ResponseEntity<java.util.Map<java.lang.String, java.lang.Object>> org.springframework.boot.autoconfigure.web.servlet.error.BasicErrorController.error(javax.servlet.http.HttpServletRequest)
14:06:14.849 logback [main] INFO  o.s.w.s.m.m.a.RequestMappingHandlerMapping - Mapped "{[/error],produces=[text/html]}" onto public org.springframework.web.servlet.ModelAndView org.springframework.boot.autoconfigure.web.servlet.error.BasicErrorController.errorHtml(javax.servlet.http.HttpServletRequest,javax.servlet.http.HttpServletResponse)
14:06:14.884 logback [main] INFO  o.s.w.s.h.SimpleUrlHandlerMapping - Mapped URL path [/webjars/**] onto handler of type [class org.springframework.web.servlet.resource.ResourceHttpRequestHandler]
14:06:14.884 logback [main] INFO  o.s.w.s.h.SimpleUrlHandlerMapping - Mapped URL path [/**] onto handler of type [class org.springframework.web.servlet.resource.ResourceHttpRequestHandler]
14:06:15.009 logback [main] INFO  o.s.b.a.w.s.WelcomePageHandlerMapping - Adding welcome page template: index
14:06:15.051 logback [main] INFO  t.m.m.a.MapperCacheDisabler - Clear tk.mybatis.mapper.util.MsUtil CLASS_CACHE cache.
14:06:15.052 logback [main] INFO  t.m.m.a.MapperCacheDisabler - Clear tk.mybatis.mapper.genid.GenIdUtil CACHE cache.
14:06:15.052 logback [main] INFO  t.m.m.a.MapperCacheDisabler - Clear tk.mybatis.mapper.version.VersionUtil CACHE cache.
14:06:15.054 logback [main] INFO  t.m.m.a.MapperCacheDisabler - Clear EntityHelper entityTableMap cache.
14:06:15.696 logback [main] INFO  o.s.j.e.a.AnnotationMBeanExporter - Registering beans for JMX exposure on startup
14:06:15.697 logback [main] INFO  o.s.j.e.a.AnnotationMBeanExporter - Bean with name 'dataSource' has been autodetected for JMX exposure
14:06:15.706 logback [main] INFO  o.s.j.e.a.AnnotationMBeanExporter - Located MBean 'dataSource': registering with JMX server as MBean [com.zaxxer.hikari:name=dataSource,type=HikariDataSource]
14:06:15.716 logback [main] INFO  o.a.coyote.http11.Http11NioProtocol - Starting ProtocolHandler ["http-nio-8083"]
14:06:15.726 logback [main] INFO  o.a.tomcat.util.net.NioSelectorPool - Using a shared selector for servlet write/read
14:06:15.743 logback [main] INFO  o.s.b.w.e.tomcat.TomcatWebServer - Tomcat started on port(s): 8083 (http) with context path ''
14:06:15.747 logback [main] INFO  com.cn.demo.DemoApplication - Started DemoApplication in 4.471 seconds (JVM running for 5.396)
14:06:20.410 logback [http-nio-8083-exec-1] INFO  o.a.c.c.C.[Tomcat].[localhost].[/] - Initializing Spring FrameworkServlet 'dispatcherServlet'
14:06:20.410 logback [http-nio-8083-exec-1] INFO  o.s.web.servlet.DispatcherServlet - FrameworkServlet 'dispatcherServlet': initialization started
14:06:20.430 logback [http-nio-8083-exec-1] INFO  o.s.web.servlet.DispatcherServlet - FrameworkServlet 'dispatcherServlet': initialization completed in 20 ms
14:15:25.556 logback [main] INFO  com.cn.demo.DemoApplication - Starting DemoApplication on MSI with PID 7380 (D:\Home\target\classes started by dlp15 in D:\Home)
14:15:25.560 logback [main] DEBUG com.cn.demo.DemoApplication - Running with Spring Boot v2.0.5.RELEASE, Spring v5.0.9.RELEASE
14:15:25.562 logback [main] INFO  com.cn.demo.DemoApplication - The following profiles are active: dev
14:15:25.624 logback [main] INFO  o.s.b.w.s.c.AnnotationConfigServletWebServerApplicationContext - Refreshing org.springframework.boot.web.servlet.context.AnnotationConfigServletWebServerApplicationContext@522a32b1: startup date [Tue Dec 11 14:15:25 GMT+08:00 2018]; root of context hierarchy
14:15:26.216 logback [main] WARN  o.m.s.mapper.ClassPathMapperScanner - Skipping MapperFactoryBean with name 'tblPartnerMapper' and 'com.cn.demo.dao.TblPartnerMapper' mapperInterface. Bean already defined with the same name!
14:15:26.217 logback [main] WARN  o.m.s.mapper.ClassPathMapperScanner - Skipping MapperFactoryBean with name 'userMapper' and 'com.cn.demo.dao.UserMapper' mapperInterface. Bean already defined with the same name!
14:15:26.217 logback [main] WARN  o.m.s.mapper.ClassPathMapperScanner - No MyBatis mapper was found in '[com.cn.demo]' package. Please check your configuration.
14:15:26.230 logback [main] INFO  o.s.b.f.s.DefaultListableBeanFactory - Overriding bean definition for bean 'stringRedisTemplate' with a different definition: replacing [Root bean: class [null]; scope=; abstract=false; lazyInit=false; autowireMode=3; dependencyCheck=0; autowireCandidate=true; primary=false; factoryBeanName=redisConfig; factoryMethodName=stringRedisTemplate; initMethodName=null; destroyMethodName=(inferred); defined in class path resource [com/cn/demo/util/common/RedisConfig.class]] with [Root bean: class [null]; scope=; abstract=false; lazyInit=false; autowireMode=3; dependencyCheck=0; autowireCandidate=true; primary=false; factoryBeanName=org.springframework.boot.autoconfigure.data.redis.RedisAutoConfiguration; factoryMethodName=stringRedisTemplate; initMethodName=null; destroyMethodName=(inferred); defined in class path resource [org/springframework/boot/autoconfigure/data/redis/RedisAutoConfiguration.class]]
14:15:26.248 logback [main] INFO  o.s.d.r.c.RepositoryConfigurationDelegate - Multiple Spring Data modules found, entering strict repository configuration mode!
14:15:26.666 logback [main] INFO  o.s.c.s.PostProcessorRegistrationDelegate$BeanPostProcessorChecker - Bean 'org.springframework.ws.config.annotation.DelegatingWsConfiguration' of type [org.springframework.ws.config.annotation.DelegatingWsConfiguration$$EnhancerBySpringCGLIB$$e9f297f3] is not eligible for getting processed by all BeanPostProcessors (for example: not eligible for auto-proxying)
14:15:26.708 logback [main] INFO  o.s.w.s.a.s.AnnotationActionEndpointMapping - Supporting [WS-Addressing August 2004, WS-Addressing 1.0]
14:15:26.732 logback [main] INFO  o.s.c.s.PostProcessorRegistrationDelegate$BeanPostProcessorChecker - Bean 'redisConfig' of type [com.cn.demo.util.common.RedisConfig$$EnhancerBySpringCGLIB$$1882a90a] is not eligible for getting processed by all BeanPostProcessors (for example: not eligible for auto-proxying)
14:15:26.739 logback [main] INFO  o.s.c.s.PostProcessorRegistrationDelegate$BeanPostProcessorChecker - Bean 'org.springframework.transaction.annotation.ProxyTransactionManagementConfiguration' of type [org.springframework.transaction.annotation.ProxyTransactionManagementConfiguration$$EnhancerBySpringCGLIB$$455ad2f4] is not eligible for getting processed by all BeanPostProcessors (for example: not eligible for auto-proxying)
14:15:27.183 logback [main] INFO  o.s.b.w.e.tomcat.TomcatWebServer - Tomcat initialized with port(s): 8083 (http)
14:15:27.193 logback [main] INFO  o.a.coyote.http11.Http11NioProtocol - Initializing ProtocolHandler ["http-nio-8083"]
14:15:27.203 logback [main] INFO  o.a.catalina.core.StandardService - Starting service [Tomcat]
14:15:27.203 logback [main] INFO  o.a.catalina.core.StandardEngine - Starting Servlet Engine: Apache Tomcat/8.5.34
14:15:27.208 logback [localhost-startStop-1] INFO  o.a.c.core.AprLifecycleListener - The APR based Apache Tomcat Native library which allows optimal performance in production environments was not found on the java.library.path: [C:\Program Files\Java\jdk1.8.0_191\bin;C:\WINDOWS\Sun\Java\bin;C:\WINDOWS\system32;C:\WINDOWS;C:\Program Files (x86)\Common Files\Oracle\Java\javapath;C:\Program Files (x86)\Intel\Intel(R) Management Engine Components\iCLS\;C:\Program Files\Intel\Intel(R) Management Engine Components\iCLS\;C:\Windows\system32;C:\Windows;C:\Windows\System32\Wbem;C:\Windows\System32\WindowsPowerShell\v1.0\;C:\Program Files (x86)\Intel\Intel(R) Management Engine Components\DAL;C:\Program Files\Intel\Intel(R) Management Engine Components\DAL;C:\Program Files (x86)\Intel\Intel(R) Management Engine Components\IPT;C:\Program Files\Intel\Intel(R) Management Engine Components\IPT;C:\Program Files (x86)\NVIDIA Corporation\PhysX\Common;C:\WINDOWS\system32;C:\WINDOWS;C:\WINDOWS\System32\Wbem;C:\WINDOWS\System32\WindowsPowerShell\v1.0\;C:\WINDOWS\System32\OpenSSH\;C:\Program Files\Java\jdk1.8.0_191\bin;C:\Program Files\Java\jre1.8.0_191\bin;C:\Program Files\TortoiseGit\bin;D:\git\Git\cmd;D:\maven\apache-maven-3.5.2\bin;D:\Program Files\TortoiseSVN\bin;C:\Users\dlp15\AppData\Local\Microsoft\WindowsApps;D:\Program Files\JetBrains\IntelliJ IDEA 2018.3\bin;C:\Users\dlp15\AppData\Local\GitHubDesktop\bin;D:\Vs\Microsoft VS Code Insiders\bin;.]
14:15:27.323 logback [localhost-startStop-1] INFO  o.a.c.c.C.[Tomcat].[localhost].[/] - Initializing Spring embedded WebApplicationContext
14:15:27.323 logback [localhost-startStop-1] INFO  o.s.web.context.ContextLoader - Root WebApplicationContext: initialization completed in 1699 ms
14:15:27.449 logback [localhost-startStop-1] INFO  o.s.b.w.s.ServletRegistrationBean - Servlet dispatcherServlet mapped to [/dev/*]
14:15:27.450 logback [localhost-startStop-1] INFO  o.s.b.w.s.ServletRegistrationBean - Servlet messageDispatcherServlet mapped to [/services/*]
14:15:27.453 logback [localhost-startStop-1] INFO  o.s.b.w.s.FilterRegistrationBean - Mapping filter: 'characterEncodingFilter' to: [/*]
14:15:27.453 logback [localhost-startStop-1] INFO  o.s.b.w.s.FilterRegistrationBean - Mapping filter: 'hiddenHttpMethodFilter' to: [/*]
14:15:27.454 logback [localhost-startStop-1] INFO  o.s.b.w.s.FilterRegistrationBean - Mapping filter: 'httpPutFormContentFilter' to: [/*]
14:15:27.454 logback [localhost-startStop-1] INFO  o.s.b.w.s.FilterRegistrationBean - Mapping filter: 'requestContextFilter' to: [/*]
14:15:27.454 logback [localhost-startStop-1] INFO  o.s.b.w.s.FilterRegistrationBean - Mapping filter: 'test' to urls: [/*]
14:15:27.472 logback [localhost-startStop-1] INFO  com.cn.demo.listner.CecListener - 初始化...
14:15:28.485 logback [main] INFO  o.s.w.s.h.SimpleUrlHandlerMapping - Mapped URL path [/**/favicon.ico] onto handler of type [class org.springframework.web.servlet.resource.ResourceHttpRequestHandler]
14:15:28.763 logback [main] INFO  o.s.w.s.m.m.a.RequestMappingHandlerAdapter - Looking for @ControllerAdvice: org.springframework.boot.web.servlet.context.AnnotationConfigServletWebServerApplicationContext@522a32b1: startup date [Tue Dec 11 14:15:25 GMT+08:00 2018]; root of context hierarchy
14:15:28.821 logback [main] INFO  o.s.w.s.m.m.a.RequestMappingHandlerMapping - Mapped "{[/query]}" onto public java.util.List<com.cn.demo.model.User> com.cn.demo.controller.UserController.query()
14:15:28.822 logback [main] INFO  o.s.w.s.m.m.a.RequestMappingHandlerMapping - Mapped "{[/queryByName]}" onto public com.cn.demo.model.User com.cn.demo.controller.UserController.queryByName()
14:15:28.823 logback [main] INFO  o.s.w.s.m.m.a.RequestMappingHandlerMapping - Mapped "{[/queryAll]}" onto public java.util.List<com.cn.demo.model.User> com.cn.demo.controller.UserController.queryAll()
14:15:28.823 logback [main] INFO  o.s.w.s.m.m.a.RequestMappingHandlerMapping - Mapped "{[/queryUser]}" onto public java.util.List<com.cn.demo.model.User> com.cn.demo.controller.UserController.queryUser()
14:15:28.824 logback [main] INFO  o.s.w.s.m.m.a.RequestMappingHandlerMapping - Mapped "{[/view/sendEmail]}" onto public java.lang.String com.cn.demo.controller.ViewController.test()
14:15:28.824 logback [main] INFO  o.s.w.s.m.m.a.RequestMappingHandlerMapping - Mapped "{[/view/test]}" onto public java.lang.String com.cn.demo.controller.ViewController.views()
14:15:28.827 logback [main] INFO  o.s.w.s.m.m.a.RequestMappingHandlerMapping - Mapped "{[/error]}" onto public org.springframework.http.ResponseEntity<java.util.Map<java.lang.String, java.lang.Object>> org.springframework.boot.autoconfigure.web.servlet.error.BasicErrorController.error(javax.servlet.http.HttpServletRequest)
14:15:28.828 logback [main] INFO  o.s.w.s.m.m.a.RequestMappingHandlerMapping - Mapped "{[/error],produces=[text/html]}" onto public org.springframework.web.servlet.ModelAndView org.springframework.boot.autoconfigure.web.servlet.error.BasicErrorController.errorHtml(javax.servlet.http.HttpServletRequest,javax.servlet.http.HttpServletResponse)
14:15:28.842 logback [main] INFO  o.s.w.s.h.SimpleUrlHandlerMapping - Root mapping to handler of type [class org.springframework.web.servlet.mvc.ParameterizableViewController]
14:15:28.858 logback [main] INFO  o.s.w.s.h.SimpleUrlHandlerMapping - Mapped URL path [/webjars/**] onto handler of type [class org.springframework.web.servlet.resource.ResourceHttpRequestHandler]
14:15:28.858 logback [main] INFO  o.s.w.s.h.SimpleUrlHandlerMapping - Mapped URL path [/**] onto handler of type [class org.springframework.web.servlet.resource.ResourceHttpRequestHandler]
14:15:28.984 logback [main] INFO  o.s.b.a.w.s.WelcomePageHandlerMapping - Adding welcome page template: index
14:15:29.026 logback [main] INFO  t.m.m.a.MapperCacheDisabler - Clear tk.mybatis.mapper.util.MsUtil CLASS_CACHE cache.
14:15:29.027 logback [main] INFO  t.m.m.a.MapperCacheDisabler - Clear tk.mybatis.mapper.genid.GenIdUtil CACHE cache.
14:15:29.027 logback [main] INFO  t.m.m.a.MapperCacheDisabler - Clear tk.mybatis.mapper.version.VersionUtil CACHE cache.
14:15:29.029 logback [main] INFO  t.m.m.a.MapperCacheDisabler - Clear EntityHelper entityTableMap cache.
14:15:29.526 logback [main] INFO  o.s.j.e.a.AnnotationMBeanExporter - Registering beans for JMX exposure on startup
14:15:29.527 logback [main] INFO  o.s.j.e.a.AnnotationMBeanExporter - Bean with name 'dataSource' has been autodetected for JMX exposure
14:15:29.534 logback [main] INFO  o.s.j.e.a.AnnotationMBeanExporter - Located MBean 'dataSource': registering with JMX server as MBean [com.zaxxer.hikari:name=dataSource,type=HikariDataSource]
14:15:29.544 logback [main] INFO  o.a.coyote.http11.Http11NioProtocol - Starting ProtocolHandler ["http-nio-8083"]
14:15:29.555 logback [main] INFO  o.a.tomcat.util.net.NioSelectorPool - Using a shared selector for servlet write/read
14:15:29.569 logback [main] INFO  o.s.b.w.e.tomcat.TomcatWebServer - Tomcat started on port(s): 8083 (http) with context path ''
14:15:29.572 logback [main] INFO  com.cn.demo.DemoApplication - Started DemoApplication in 4.713 seconds (JVM running for 5.75)
14:51:32.226 logback [main] INFO  c.c.d.u.common.RedisServiceImplTest - Starting RedisServiceImplTest on MSI with PID 18380 (started by dlp15 in D:\Home)
14:51:32.227 logback [main] DEBUG c.c.d.u.common.RedisServiceImplTest - Running with Spring Boot v2.0.5.RELEASE, Spring v5.0.9.RELEASE
14:51:32.229 logback [main] INFO  c.c.d.u.common.RedisServiceImplTest - The following profiles are active: dev
14:51:32.274 logback [main] INFO  o.s.w.c.s.GenericWebApplicationContext - Refreshing org.springframework.web.context.support.GenericWebApplicationContext@6676f6a0: startup date [Tue Dec 11 14:51:32 GMT+08:00 2018]; root of context hierarchy
14:51:33.023 logback [main] WARN  o.m.s.mapper.ClassPathMapperScanner - Skipping MapperFactoryBean with name 'tblPartnerMapper' and 'com.cn.demo.dao.TblPartnerMapper' mapperInterface. Bean already defined with the same name!
14:51:33.023 logback [main] WARN  o.m.s.mapper.ClassPathMapperScanner - Skipping MapperFactoryBean with name 'userMapper' and 'com.cn.demo.dao.UserMapper' mapperInterface. Bean already defined with the same name!
14:51:33.023 logback [main] WARN  o.m.s.mapper.ClassPathMapperScanner - No MyBatis mapper was found in '[com.cn.demo]' package. Please check your configuration.
14:51:33.034 logback [main] INFO  o.s.b.f.s.DefaultListableBeanFactory - Overriding bean definition for bean 'stringRedisTemplate' with a different definition: replacing [Root bean: class [null]; scope=; abstract=false; lazyInit=false; autowireMode=3; dependencyCheck=0; autowireCandidate=true; primary=false; factoryBeanName=redisConfig; factoryMethodName=stringRedisTemplate; initMethodName=null; destroyMethodName=(inferred); defined in class path resource [com/cn/demo/util/common/RedisConfig.class]] with [Root bean: class [null]; scope=; abstract=false; lazyInit=false; autowireMode=3; dependencyCheck=0; autowireCandidate=true; primary=false; factoryBeanName=org.springframework.boot.autoconfigure.data.redis.RedisAutoConfiguration; factoryMethodName=stringRedisTemplate; initMethodName=null; destroyMethodName=(inferred); defined in class path resource [org/springframework/boot/autoconfigure/data/redis/RedisAutoConfiguration.class]]
14:51:33.053 logback [main] INFO  o.s.d.r.c.RepositoryConfigurationDelegate - Multiple Spring Data modules found, entering strict repository configuration mode!
14:51:33.620 logback [main] INFO  o.s.c.s.PostProcessorRegistrationDelegate$BeanPostProcessorChecker - Bean 'org.springframework.ws.config.annotation.DelegatingWsConfiguration' of type [org.springframework.ws.config.annotation.DelegatingWsConfiguration$$EnhancerBySpringCGLIB$$bf79102b] is not eligible for getting processed by all BeanPostProcessors (for example: not eligible for auto-proxying)
14:51:33.666 logback [main] INFO  o.s.w.s.a.s.AnnotationActionEndpointMapping - Supporting [WS-Addressing August 2004, WS-Addressing 1.0]
14:51:33.691 logback [main] INFO  o.s.c.s.PostProcessorRegistrationDelegate$BeanPostProcessorChecker - Bean 'redisConfig' of type [com.cn.demo.util.common.RedisConfig$$EnhancerBySpringCGLIB$$ee092142] is not eligible for getting processed by all BeanPostProcessors (for example: not eligible for auto-proxying)
14:51:33.699 logback [main] INFO  o.s.c.s.PostProcessorRegistrationDelegate$BeanPostProcessorChecker - Bean 'org.springframework.transaction.annotation.ProxyTransactionManagementConfiguration' of type [org.springframework.transaction.annotation.ProxyTransactionManagementConfiguration$$EnhancerBySpringCGLIB$$1ae14b2c] is not eligible for getting processed by all BeanPostProcessors (for example: not eligible for auto-proxying)
14:51:35.805 logback [main] INFO  o.s.w.s.h.SimpleUrlHandlerMapping - Mapped URL path [/**/favicon.ico] onto handler of type [class org.springframework.web.servlet.resource.ResourceHttpRequestHandler]
14:51:36.381 logback [main] INFO  o.s.w.s.m.m.a.RequestMappingHandlerAdapter - Looking for @ControllerAdvice: org.springframework.web.context.support.GenericWebApplicationContext@6676f6a0: startup date [Tue Dec 11 14:51:32 GMT+08:00 2018]; root of context hierarchy
14:51:36.464 logback [main] INFO  o.s.w.s.m.m.a.RequestMappingHandlerMapping - Mapped "{[/query]}" onto public java.util.List<com.cn.demo.model.User> com.cn.demo.controller.UserController.query()
14:51:36.465 logback [main] INFO  o.s.w.s.m.m.a.RequestMappingHandlerMapping - Mapped "{[/queryByName]}" onto public com.cn.demo.model.User com.cn.demo.controller.UserController.queryByName()
14:51:36.466 logback [main] INFO  o.s.w.s.m.m.a.RequestMappingHandlerMapping - Mapped "{[/queryAll]}" onto public java.util.List<com.cn.demo.model.User> com.cn.demo.controller.UserController.queryAll()
14:51:36.466 logback [main] INFO  o.s.w.s.m.m.a.RequestMappingHandlerMapping - Mapped "{[/queryUser]}" onto public java.util.List<com.cn.demo.model.User> com.cn.demo.controller.UserController.queryUser()
14:51:36.467 logback [main] INFO  o.s.w.s.m.m.a.RequestMappingHandlerMapping - Mapped "{[/view/sendEmail]}" onto public java.lang.String com.cn.demo.controller.ViewController.test()
14:51:36.467 logback [main] INFO  o.s.w.s.m.m.a.RequestMappingHandlerMapping - Mapped "{[/view/test]}" onto public java.lang.String com.cn.demo.controller.ViewController.views()
14:51:36.470 logback [main] INFO  o.s.w.s.m.m.a.RequestMappingHandlerMapping - Mapped "{[/error]}" onto public org.springframework.http.ResponseEntity<java.util.Map<java.lang.String, java.lang.Object>> org.springframework.boot.autoconfigure.web.servlet.error.BasicErrorController.error(javax.servlet.http.HttpServletRequest)
14:51:36.471 logback [main] INFO  o.s.w.s.m.m.a.RequestMappingHandlerMapping - Mapped "{[/error],produces=[text/html]}" onto public org.springframework.web.servlet.ModelAndView org.springframework.boot.autoconfigure.web.servlet.error.BasicErrorController.errorHtml(javax.servlet.http.HttpServletRequest,javax.servlet.http.HttpServletResponse)
14:51:36.486 logback [main] INFO  o.s.w.s.h.SimpleUrlHandlerMapping - Root mapping to handler of type [class org.springframework.web.servlet.mvc.ParameterizableViewController]
14:51:36.501 logback [main] INFO  o.s.w.s.h.SimpleUrlHandlerMapping - Mapped URL path [/webjars/**] onto handler of type [class org.springframework.web.servlet.resource.ResourceHttpRequestHandler]
14:51:36.501 logback [main] INFO  o.s.w.s.h.SimpleUrlHandlerMapping - Mapped URL path [/**] onto handler of type [class org.springframework.web.servlet.resource.ResourceHttpRequestHandler]
14:51:36.637 logback [main] INFO  o.s.b.a.w.s.WelcomePageHandlerMapping - Adding welcome page template: index
14:51:36.702 logback [main] INFO  t.m.m.a.MapperCacheDisabler - Clear tk.mybatis.mapper.util.MsUtil CLASS_CACHE cache.
14:51:36.703 logback [main] INFO  t.m.m.a.MapperCacheDisabler - Clear tk.mybatis.mapper.genid.GenIdUtil CACHE cache.
14:51:36.704 logback [main] INFO  t.m.m.a.MapperCacheDisabler - Clear tk.mybatis.mapper.version.VersionUtil CACHE cache.
14:51:36.707 logback [main] INFO  t.m.m.a.MapperCacheDisabler - Clear EntityHelper entityTableMap cache.
14:51:37.181 logback [main] INFO  c.c.d.u.common.RedisServiceImplTest - Started RedisServiceImplTest in 5.9 seconds (JVM running for 7.306)
14:51:37.621 logback [pool-2-thread-66] INFO  io.lettuce.core.EpollProvider - Starting without optional epoll library
14:51:37.623 logback [pool-2-thread-66] INFO  io.lettuce.core.KqueueProvider - Starting without optional kqueue library
14:51:38.431 logback [Thread-2] INFO  o.s.w.c.s.GenericWebApplicationContext - Closing org.springframework.web.context.support.GenericWebApplicationContext@6676f6a0: startup date [Tue Dec 11 14:51:32 GMT+08:00 2018]; root of context hierarchy
